0 info it worked if it ends with ok
1 verbose cli [ '/usr/local/bin/node', '/usr/local/bin/npm', 'run', 'dev' ]
2 info using npm@3.10.8
3 info using node@v6.9.1
4 verbose run-script [ 'predev', 'dev', 'postdev' ]
5 info lifecycle swym@1.0.0~predev: swym@1.0.0
6 silly lifecycle swym@1.0.0~predev: no script for predev, continuing
7 info lifecycle swym@1.0.0~dev: swym@1.0.0
8 verbose lifecycle swym@1.0.0~dev: unsafe-perm in lifecycle true
9 verbose lifecycle swym@1.0.0~dev: PATH: /usr/local/lib/node_modules/npm/bin/node-gyp-bin:/Users/saumitra/swym/node_modules/.bin:/opt/local/bin:/opt/local/sbin:/Users/saumitra/NVPACK/apache-ant-1.8.2/bin:/Users/saumitra/NVPACK/android-sdk-macosx/tools:/Users/saumitra/NVPACK/android-sdk-macosx/platform-tools:/Users/saumitra/NVPACK/android-sdk-macosx:/Users/saumitra/Downloads/cocos2d-x-3.13.1/templates:/Users/saumitra/Downloads:/Users/saumitra/Downloads/cocos2d-x-3.13.1/tools/cocos2d-console/bin:/usr/local/bin:/usr/bin:/bin:/usr/sbin:/sbin:/opt/X11/bin:/Users/saumitra/NVPACK/android-sdk-macosx/tools:/Users/saumitra/NVPACK/android-sdk-macosx/platform-tools:/Users/saumitra/NVPACK/android-sdk-macosx/build-tools:/Users/saumitra/NVPACK/android-sdk-macosx/extras/android/support:/Users/saumitra/NVPACK/android-ndk-r12b:/Users/saumitra/NVPACK/apache-ant-1.8.2/bin:/Users/saumitra/NVPACK/gradle-2.9/bin
10 verbose lifecycle swym@1.0.0~dev: CWD: /Users/saumitra/swym
11 silly lifecycle swym@1.0.0~dev: Args: [ '-c', 'webpack-dev-server' ]
12 silly lifecycle swym@1.0.0~dev: Returned: code: 1  signal: null
13 info lifecycle swym@1.0.0~dev: Failed to exec dev script
14 verbose stack Error: swym@1.0.0 dev: `webpack-dev-server`
14 verbose stack Exit status 1
14 verbose stack     at EventEmitter.<anonymous> (/usr/local/lib/node_modules/npm/lib/utils/lifecycle.js:255:16)
14 verbose stack     at emitTwo (events.js:106:13)
14 verbose stack     at EventEmitter.emit (events.js:191:7)
14 verbose stack     at ChildProcess.<anonymous> (/usr/local/lib/node_modules/npm/lib/utils/spawn.js:40:14)
14 verbose stack     at emitTwo (events.js:106:13)
14 verbose stack     at ChildProcess.emit (events.js:191:7)
14 verbose stack     at maybeClose (internal/child_process.js:877:16)
14 verbose stack     at Process.ChildProcess._handle.onexit (internal/child_process.js:226:5)
15 verbose pkgid swym@1.0.0
16 verbose cwd /Users/saumitra/swym
17 error Darwin 16.3.0
18 error argv "/usr/local/bin/node" "/usr/local/bin/npm" "run" "dev"
19 error node v6.9.1
20 error npm  v3.10.8
21 error code ELIFECYCLE
22 error swym@1.0.0 dev: `webpack-dev-server`
22 error Exit status 1
23 error Failed at the swym@1.0.0 dev script 'webpack-dev-server'.
23 error Make sure you have the latest version of node.js and npm installed.
23 error If you do, this is most likely a problem with the swym package,
23 error not with npm itself.
23 error Tell the author that this fails on your system:
23 error     webpack-dev-server
23 error You can get information on how to open an issue for this project with:
23 error     npm bugs swym
23 error Or if that isn't available, you can get their info via:
23 error     npm owner ls swym
23 error There is likely additional logging output above.
24 verbose exit [ 1, true ]
